[2019-09-27 13:34:28.503] [info] [console_user_server] version 12.7.0
[2019-09-27 13:34:28.616] [info] [console_user_server] receiver is initialized
[2019-09-27 13:34:28.617] [info] [console_user_server] receiver: bound
[2019-09-27 13:34:28.617] [info] [console_user_server] grabber_client is started.
[2019-09-27 13:34:28.617] [info] [console_user_server] grabber_client is connected.
[2019-09-27 13:34:28.839] [info] [console_user_server] core_configuration is updated.
[2019-09-27 13:34:28.974] [info] [console_user_server] Check for updates...
[2019-09-27 13:34:35.682] [info] [console_user_server] Load /Users/jordan.vanallen/.config/karabiner/karabiner.json...
[2019-09-27 13:35:42.566] [info] [console_user_server] Load /Users/jordan.vanallen/.config/karabiner/karabiner.json...
[2019-09-27 13:35:42.574] [info] [console_user_server] core_configuration is updated.
[2019-09-27 13:36:14.496] [info] [console_user_server] Load /Users/jordan.vanallen/.config/karabiner/karabiner.json...
[2019-09-27 13:36:14.497] [info] [console_user_server] core_configuration is updated.
[2019-09-27 19:01:27.280] [info] [console_user_server] Load /Users/jordan.vanallen/.config/karabiner/karabiner.json...
[2019-09-27 19:01:27.284] [info] [console_user_server] core_configuration is updated.
[2019-09-30 07:26:21.205] [info] [console_user_server] Load /Users/jordan.vanallen/.config/karabiner/karabiner.json...
[2019-09-30 07:26:21.208] [info] [console_user_server] core_configuration is updated.
[2019-09-30 07:28:43.739] [info] [console_user_server] version 12.7.0
[2019-09-30 07:28:44.325] [info] [console_user_server] receiver is initialized
[2019-09-30 07:28:44.326] [info] [console_user_server] receiver: bound
[2019-09-30 07:28:44.326] [info] [console_user_server] grabber_client is started.
[2019-09-30 07:28:44.326] [info] [console_user_server] grabber_client is connected.
[2019-09-30 07:28:44.679] [info] [console_user_server] Load /Users/jordan.vanallen/.config/karabiner/karabiner.json...
[2019-09-30 07:28:44.680] [info] [console_user_server] core_configuration is updated.
[2019-09-30 07:28:44.925] [info] [console_user_server] Check for updates...
[2019-09-30 07:55:43.667] [info] [console_user_server] version 12.7.0
[2019-09-30 07:55:44.149] [info] [console_user_server] receiver is initialized
[2019-09-30 07:55:44.150] [info] [console_user_server] receiver: bound
[2019-09-30 07:55:44.150] [info] [console_user_server] grabber_client is started.
[2019-09-30 07:55:44.150] [info] [console_user_server] grabber_client is connected.
[2019-09-30 07:55:44.396] [info] [console_user_server] Load /Users/jordan.vanallen/.config/karabiner/karabiner.json...
[2019-09-30 07:55:44.398] [info] [console_user_server] core_configuration is updated.
[2019-09-30 07:55:44.512] [info] [console_user_server] Check for updates...
[2019-10-02 14:05:47.451] [info] [console_user_server] Load /Users/jordan.vanallen/.config/karabiner/karabiner.json...
[2019-10-02 14:05:47.458] [info] [console_user_server] core_configuration is updated.
[2019-10-02 14:07:40.530] [info] [console_user_server] Load /Users/jordan.vanallen/.config/karabiner/karabiner.json...
[2019-10-02 14:07:40.532] [info] [console_user_server] core_configuration is updated.
[2019-10-02 14:07:45.847] [info] [console_user_server] Load /Users/jordan.vanallen/.config/karabiner/karabiner.json...
[2019-10-02 14:07:45.848] [info] [console_user_server] core_configuration is updated.
[2019-10-04 09:13:57.315] [info] [console_user_server] version 12.7.0
[2019-10-04 09:13:58.138] [info] [console_user_server] receiver is initialized
[2019-10-04 09:13:58.139] [info] [console_user_server] receiver: bound
[2019-10-04 09:13:58.139] [info] [console_user_server] grabber_client is started.
[2019-10-04 09:13:58.139] [info] [console_user_server] grabber_client is connected.
[2019-10-04 09:13:58.559] [info] [console_user_server] Load /Users/jordan.vanallen/.config/karabiner/karabiner.json...
[2019-10-04 09:13:58.562] [info] [console_user_server] core_configuration is updated.
[2019-10-04 09:13:58.787] [info] [console_user_server] Check for updates...
